<?xml version="1.0" encoding="UTF-8"?>
<!-- Generated by org.testng.reporters.JUnitXMLReporter -->
<testsuite ignored="0" hostname="DESKTOP-9PLK69A" failures="0" tests="4" name="Test" time="141.318" errors="0" timestamp="2024-03-03T17:40:53 EST">
  <testcase classname="org.Appium_POM.IOSBase" name="@BeforeClass ConfigureAppium" time="2.285">
    <failure type="io.appium.java_client.service.local.InvalidServerInstanceException" message="The main Appium script does not exist at &amp;apos;\\usr\local\lib\node_modules\appium\build\lib\main.js&amp;apos;">
      <![CDATA[io.appium.java_client.service.local.InvalidServerInstanceException: The main Appium script does not exist at '\\usr\local\lib\node_modules\appium\build\lib\main.js'
at io.appium.java_client.service.local.AppiumServiceBuilder.validatePath(AppiumServiceBuilder.java:129)
at io.appium.java_client.service.local.AppiumServiceBuilder.loadPathToMainScript(AppiumServiceBuilder.java:293)
at io.appium.java_client.service.local.AppiumServiceBuilder.createArgs(AppiumServiceBuilder.java:360)
at io.appium.java_client.service.local.AppiumServiceBuilder.createArgs(AppiumServiceBuilder.java:57)
at org.openqa.selenium.remote.service.DriverService$Builder.build(DriverService.java:496)
at org.Appium_POM.IOSBase.ConfigureAppium(IOSBase.java:33)
at java.base/java.util.ArrayList.forEach(ArrayList.java:1511)
... Removed 25 stack frames]]>
    </failure>
  </testcase> <!-- @BeforeClass ConfigureAppium -->
  <testcase classname="org.Appium_POM.IOSBase" name="@AfterClass TearDown" time="0.0">
    <skipped/>
  </testcase> <!-- @AfterClass TearDown -->
  <testcase classname="org.Appium_POM.TA_16_b_POM_GeneralStore_Two_times_before_method_implemented" name="GeneralStore_First_run" time="40.074"/>
  <testcase classname="org.Appium_POM.TA_16_b_POM_GeneralStore_Two_times_before_method_implemented" name="GeneralStore_Second_run" time="38.016"/>
  <testcase classname="org.Appium_POM.TA_19_POM_IOS_UiKitCatalog_input_text_getText_assertion_iOSClassChain_iOSNsPredicateString" name="IOSTest" time="0.0">
    <skipped/>
  </testcase> <!-- IOSTest -->
  <testcase classname="org.Appium_POM.TA_16_A_POM_GeneralStore_After_Purchase_Chrome_mobile_search_go_Back" name="GeneralStore" time="39.999"/>
</testsuite> <!-- Test -->
